This is pdfTeX, Version 3.14159265-2.6-1.40.17 (TeX Live 2016) (preloaded format=pdflatex 2016.7.20)  13 DEC 2016 15:17
entering extended mode
 restricted \write18 enabled.
 file:line:error style messages enabled.
 %&-line parsing enabled.
**2-cells.tex
(./2-cells.tex
LaTeX2e <2016/03/31>
Babel <3.9r> and hyphenation patterns for 83 language(s) loaded.
(/usr/local/texlive/2016/texmf-dist/tex/latex/base/article.cls
Document Class: article 2014/09/29 v1.4h Standard LaTeX document class
(/usr/local/texlive/2016/texmf-dist/tex/latex/base/size11.clo
File: size11.clo 2014/09/29 v1.4h Standard LaTeX file (size option)
)
\c@part=\count79
\c@section=\count80
\c@subsection=\count81
\c@subsubsection=\count82
\c@paragraph=\count83
\c@subparagraph=\count84
\c@figure=\count85
\c@table=\count86
\abovecaptionskip=\skip41
\belowcaptionskip=\skip42
\bibindent=\dimen102
)
(/usr/local/texlive/2016/texmf-dist/tex/latex/geometry/geometry.sty
Package: geometry 2010/09/12 v5.6 Page Geometry

(/usr/local/texlive/2016/texmf-dist/tex/latex/graphics/keyval.sty
Package: keyval 2014/10/28 v1.15 key=value parser (DPC)
\KV@toks@=\toks14
)
(/usr/local/texlive/2016/texmf-dist/tex/generic/oberdiek/ifpdf.sty
Package: ifpdf 2016/05/14 v3.1 Provides the ifpdf switch
)
(/usr/local/texlive/2016/texmf-dist/tex/generic/oberdiek/ifvtex.sty
Package: ifvtex 2016/05/16 v1.6 Detect VTeX and its facilities (HO)
Package ifvtex Info: VTeX not detected.
)
(/usr/local/texlive/2016/texmf-dist/tex/generic/ifxetex/ifxetex.sty
Package: ifxetex 2010/09/12 v0.6 Provides ifxetex conditional
)
\Gm@cnth=\count87
\Gm@cntv=\count88
\c@Gm@tempcnt=\count89
\Gm@bindingoffset=\dimen103
\Gm@wd@mp=\dimen104
\Gm@odd@mp=\dimen105
\Gm@even@mp=\dimen106
\Gm@layoutwidth=\dimen107
\Gm@layoutheight=\dimen108
\Gm@layouthoffset=\dimen109
\Gm@layoutvoffset=\dimen110
\Gm@dimlist=\toks15
)
(/usr/local/texlive/2016/texmf-dist/tex/latex/graphics/graphicx.sty
Package: graphicx 2014/10/28 v1.0g Enhanced LaTeX Graphics (DPC,SPQR)

(/usr/local/texlive/2016/texmf-dist/tex/latex/graphics/graphics.sty
Package: graphics 2016/05/09 v1.0r Standard LaTeX Graphics (DPC,SPQR)

(/usr/local/texlive/2016/texmf-dist/tex/latex/graphics/trig.sty
Package: trig 2016/01/03 v1.10 sin cos tan (DPC)
)
(/usr/local/texlive/2016/texmf-dist/tex/latex/graphics-cfg/graphics.cfg
File: graphics.cfg 2016/01/02 v1.10 sample graphics configuration
)
Package graphics Info: Driver file: pdftex.def on input line 96.

(/usr/local/texlive/2016/texmf-dist/tex/latex/pdftex-def/pdftex.def
File: pdftex.def 2011/05/27 v0.06d Graphics/color for pdfTeX

(/usr/local/texlive/2016/texmf-dist/tex/generic/oberdiek/infwarerr.sty
Package: infwarerr 2016/05/16 v1.4 Providing info/warning/error messages (HO)
)
(/usr/local/texlive/2016/texmf-dist/tex/generic/oberdiek/ltxcmds.sty
Package: ltxcmds 2016/05/16 v1.23 LaTeX kernel commands for general use (HO)
)
\Gread@gobject=\count90
))
\Gin@req@height=\dimen111
\Gin@req@width=\dimen112
)
(/usr/local/texlive/2016/texmf-dist/tex/latex/amsfonts/amssymb.sty
Package: amssymb 2013/01/14 v3.01 AMS font symbols

(/usr/local/texlive/2016/texmf-dist/tex/latex/amsfonts/amsfonts.sty
Package: amsfonts 2013/01/14 v3.01 Basic AMSFonts support
\@emptytoks=\toks16
\symAMSa=\mathgroup4
\symAMSb=\mathgroup5
LaTeX Font Info:    Overwriting math alphabet `\mathfrak' in version `bold'
(Font)                  U/euf/m/n --> U/euf/b/n on input line 106.
))
(./2-cells.aux

LaTeX Warning: Label `fig:example' multiply defined.

)
\openout1 = `2-cells.aux'.

LaTeX Font Info:    Checking defaults for OML/cmm/m/it on input line 19.
LaTeX Font Info:    ... okay on input line 19.
LaTeX Font Info:    Checking defaults for T1/cmr/m/n on input line 19.
LaTeX Font Info:    ... okay on input line 19.
LaTeX Font Info:    Checking defaults for OT1/cmr/m/n on input line 19.
LaTeX Font Info:    ... okay on input line 19.
LaTeX Font Info:    Checking defaults for OMS/cmsy/m/n on input line 19.
LaTeX Font Info:    ... okay on input line 19.
LaTeX Font Info:    Checking defaults for OMX/cmex/m/n on input line 19.
LaTeX Font Info:    ... okay on input line 19.
LaTeX Font Info:    Checking defaults for U/cmr/m/n on input line 19.
LaTeX Font Info:    ... okay on input line 19.

*geometry* driver: auto-detecting
*geometry* detected driver: pdftex
*geometry* verbose mode - [ preamble ] result:
* driver: pdftex
* paper: letterpaper
* layout: <same size as paper>
* layoutoffset:(h,v)=(0.0pt,0.0pt)
* modes: 
* h-part:(L,W,R)=(92.14519pt, 430.00462pt, 92.14519pt)
* v-part:(T,H,B)=(95.39737pt, 556.47656pt, 143.09605pt)
* \paperwidth=614.295pt
* \paperheight=794.96999pt
* \textwidth=430.00462pt
* \textheight=556.47656pt
* \oddsidemargin=19.8752pt
* \evensidemargin=19.8752pt
* \topmargin=-13.87262pt
* \headheight=12.0pt
* \headsep=25.0pt
* \topskip=11.0pt
* \footskip=30.0pt
* \marginparwidth=59.0pt
* \marginparsep=10.0pt
* \columnsep=10.0pt
* \skip\footins=10.0pt plus 4.0pt minus 2.0pt
* \hoffset=0.0pt
* \voffset=0.0pt
* \mag=1000
* \@twocolumnfalse
* \@twosidefalse
* \@mparswitchfalse
* \@reversemarginfalse
* (1in=72.27pt=25.4mm, 1cm=28.453pt)

(/usr/local/texlive/2016/texmf-dist/tex/context/base/mkii/supp-pdf.mkii
[Loading MPS to PDF converter (version 2006.09.02).]
\scratchcounter=\count91
\scratchdimen=\dimen113
\scratchbox=\box26
\nofMPsegments=\count92
\nofMParguments=\count93
\everyMPshowfont=\toks17
\MPscratchCnt=\count94
\MPscratchDim=\dimen114
\MPnumerator=\count95
\makeMPintoPDFobject=\count96
\everyMPtoPDFconversion=\toks18
) (/usr/local/texlive/2016/texmf-dist/tex/generic/oberdiek/pdftexcmds.sty
Package: pdftexcmds 2016/05/10 v0.21 Utility functions of pdfTeX for LuaTeX (HO
)

(/usr/local/texlive/2016/texmf-dist/tex/generic/oberdiek/ifluatex.sty
Package: ifluatex 2016/05/16 v1.4 Provides the ifluatex switch (HO)
Package ifluatex Info: LuaTeX not detected.
)
Package pdftexcmds Info: LuaTeX not detected.
Package pdftexcmds Info: \pdf@primitive is available.
Package pdftexcmds Info: \pdf@ifprimitive is available.
Package pdftexcmds Info: \pdfdraftmode found.
)
(/usr/local/texlive/2016/texmf-dist/tex/latex/oberdiek/epstopdf-base.sty
Package: epstopdf-base 2016/05/15 v2.6 Base part for package epstopdf

(/usr/local/texlive/2016/texmf-dist/tex/latex/oberdiek/grfext.sty
Package: grfext 2016/05/16 v1.2 Manage graphics extensions (HO)

(/usr/local/texlive/2016/texmf-dist/tex/generic/oberdiek/kvdefinekeys.sty
Package: kvdefinekeys 2016/05/16 v1.4 Define keys (HO)
))
(/usr/local/texlive/2016/texmf-dist/tex/latex/oberdiek/kvoptions.sty
Package: kvoptions 2016/05/16 v3.12 Key value format for package options (HO)

(/usr/local/texlive/2016/texmf-dist/tex/generic/oberdiek/kvsetkeys.sty
Package: kvsetkeys 2016/05/16 v1.17 Key value parser (HO)

(/usr/local/texlive/2016/texmf-dist/tex/generic/oberdiek/etexcmds.sty
Package: etexcmds 2016/05/16 v1.6 Avoid name clashes with e-TeX commands (HO)
Package etexcmds Info: Could not find \expanded.
(etexcmds)             That can mean that you are not using pdfTeX 1.50 or
(etexcmds)             that some package has redefined \expanded.
(etexcmds)             In the latter case, load this package earlier.
)))
Package grfext Info: Graphics extension search list:
(grfext)             [.png,.pdf,.jpg,.mps,.jpeg,.jbig2,.jb2,.PNG,.PDF,.JPG,.JPE
G,.JBIG2,.JB2,.eps]
(grfext)             \AppendGraphicsExtensions on input line 456.

(/usr/local/texlive/2016/texmf-dist/tex/latex/latexconfig/epstopdf-sys.cfg
File: epstopdf-sys.cfg 2010/07/13 v1.3 Configuration of (r)epstopdf for TeX Liv
e
))
LaTeX Font Info:    Try loading font information for U+msa on input line 20.

(/usr/local/texlive/2016/texmf-dist/tex/latex/amsfonts/umsa.fd
File: umsa.fd 2013/01/14 v3.01 AMS symbols A
)
LaTeX Font Info:    Try loading font information for U+msb on input line 20.

(/usr/local/texlive/2016/texmf-dist/tex/latex/amsfonts/umsb.fd
File: umsb.fd 2013/01/14 v3.01 AMS symbols B
)
Overfull \hbox (25.7503pt too wide) in paragraph at lines 64--64
[]\OT1/cmtt/m/n/8 [2668,2665,6529,-2666,6531,-4298,3933,-3932,4297,4299,-8943,5
803,2741,-2740,5804,-2743,[] 
 []


Overfull \hbox (21.50024pt too wide) in paragraph at lines 64--64
[]\OT1/cmtt/m/n/8 -12509,-3971,-10971,-10968,3970,3965,-10965,-3967,10967,3964,
-10964,3959,-10806,-3960,[] 
 []


Overfull \hbox (30.00037pt too wide) in paragraph at lines 64--64
[]\OT1/cmtt/m/n/8 -6032,6033,11280,-10960,5202,3950,10962,1847,12960,1844,-1304
8,-1846,-12949,-4992,12948,[] 
 []


Overfull \hbox (21.50024pt too wide) in paragraph at lines 64--64
[]\OT1/cmtt/m/n/8 -4993,-7395,7394,3938,3934,11870,-3935,-12714,-7437,-9727,-97
25,10566,-5141,5408,5139,[] 
 []


Overfull \hbox (21.50024pt too wide) in paragraph at lines 64--64
[]\OT1/cmtt/m/n/8 5406,5142,5404,5401,12212,-5403,12213,-11614,5400,5396,-11612
,4398,-11609,-4399,11610,[] 
 []


Overfull \hbox (30.00037pt too wide) in paragraph at lines 64--64
[]\OT1/cmtt/m/n/8 10379,12940,10378,12942,10376,-1537,1536,-10377,1539,7184,-71
83,-2362,-2358,-11590,2359,[] 
 []


Overfull \hbox (25.7503pt too wide) in paragraph at lines 64--64
[]\OT1/cmtt/m/n/8 -11591,5159,-11592,-5158,12765,-5156,12207,-4794,508,-507,-47
90,-3322,4791,-3324,-5153,[] 
 []


Overfull \hbox (21.50024pt too wide) in paragraph at lines 64--64
[]\OT1/cmtt/m/n/8 -5150,5962,5152,-5960,-5964,-5149,5148,2321,2316,-9381,2314,9
380,2312,9383,-2313,9385,[] 
 []


Overfull \hbox (17.25018pt too wide) in paragraph at lines 64--64
[]\OT1/cmtt/m/n/8 -5204,9387,9531,9946,-6247,-9945,6245,-10250,6248,10490,6250,
-10491,-6733,10489,6734,[] 
 []


Overfull \hbox (4.5pt too wide) in paragraph at lines 64--64
[]\OT1/cmtt/m/n/8 10486,2553, -10700,-2552,-10697,-9527,10698,9587,-11579,9585,
-529,528,-9586,11545,[] 
 []


Overfull \hbox (30.00037pt too wide) in paragraph at lines 64--64
[]\OT1/cmtt/m/n/8 11578,5347,-12232, -5344,-11171,-5349,-8997,-8994,359,-358,-8
992,-361,8993,-5350,-11520,[] 
 []


Overfull \hbox (17.25018pt too wide) in paragraph at lines 64--64
[]\OT1/cmtt/m/n/8 8064,11522,7742,-10485,-7743,-5542,-5540,3442,3439,-5537,-344
1,5539,8056,-10959,8053,[] 
 []


Overfull \hbox (21.50024pt too wide) in paragraph at lines 64--64
[]\OT1/cmtt/m/n/8 10958,-8054,-9989,6976,9990,-6975,-1678,1679,-6978,-8824,-910
1,-8826,9100,-8829,-9750,[] 
 []


Overfull \hbox (30.00037pt too wide) in paragraph at lines 64--64
[]\OT1/cmtt/m/n/8 9749,-11536,9753,8834,-8832,-9755,-8835,-8851,-8849,3678,-367
7,-4716,-4713,43,-42,-1638,[] 
 []


Overfull \hbox (4.5pt too wide) in paragraph at lines 64--64
[]\OT1/cmtt/m/n/8 -45,-1635,1637,-9686,4145,-9330,4143,-9326,4140,-9324,-4142,9
325,-1535,11008,1534,[] 
 []


Overfull \hbox (30.00037pt too wide) in paragraph at lines 64--64
[]\OT1/cmtt/m/n/8 -11009,9428,5058,-5057,-6030,-5059,6031,-5061,10230,-5065,-99
25,-8561,12422,8560,-12421,[] 
 []


Overfull \hbox (34.25043pt too wide) in paragraph at lines 64--64
[]\OT1/cmtt/m/n/8 -9920,10882,9922,-10881,-10884,12386,-10886,-6612,6611,10259,
-10260,-4643,4641,8047,4644][] 
 []

<2Dcells-1.pdf, id=1, 842.14626pt x 825.0825pt>
File: 2Dcells-1.pdf Graphic file (type pdf)
 <use 2Dcells-1.pdf>
Package pdftex.def Info: 2Dcells-1.pdf used on input line 72.
(pdftex.def)             Requested size: 212.84906pt x 212.84195pt.

<2Dcells-2.pdf, id=2, 851.18pt x 823.075pt>
File: 2Dcells-2.pdf Graphic file (type pdf)
 <use 2Dcells-2.pdf>
Package pdftex.def Info: 2Dcells-2.pdf used on input line 73.
(pdftex.def)             Requested size: 212.84642pt x 212.85156pt.

<2Dcells-3.pdf, id=3, 864.22874pt x 847.165pt>
File: 2Dcells-3.pdf Graphic file (type pdf)
 <use 2Dcells-3.pdf>
Package pdftex.def Info: 2Dcells-3.pdf used on input line 75.
(pdftex.def)             Requested size: 212.839pt x 212.85071pt.

<2Dcells-4.pdf, id=4, 809.0225pt x 734.745pt>
File: 2Dcells-4.pdf Graphic file (type pdf)
 <use 2Dcells-4.pdf>
Package pdftex.def Info: 2Dcells-4.pdf used on input line 76.
(pdftex.def)             Requested size: 212.84686pt x 212.84636pt.
 [1

{/usr/local/texlive/2016/texmf-var/fonts/map/pdftex/updmap/pdftex.map}] [2 <./2
Dcells-1.pdf> <./2Dcells-2.pdf> <./2Dcells-3.pdf> <./2Dcells-4.pdf>] (./2-cells
.aux)

LaTeX Warning: There were multiply-defined labels.

 ) 
Here is how much of TeX's memory you used:
 2287 strings out of 493014
 32263 string characters out of 6133351
 98005 words of memory out of 5000000
 5807 multiletter control sequences out of 15000+600000
 11955 words of font info for 47 fonts, out of 8000000 for 9000
 1141 hyphenation exceptions out of 8191
 37i,6n,26p,583b,286s stack positions out of 5000i,500n,10000p,200000b,80000s
</usr/local/texlive/2016/texmf-dist/fonts/type1/public/amsfonts/cm/cmmi10.pfb
></usr/local/texlive/2016/texmf-dist/fonts/type1/public/amsfonts/cm/cmmi12.pfb>
</usr/local/texlive/2016/texmf-dist/fonts/type1/public/amsfonts/cm/cmr10.pfb></
usr/local/texlive/2016/texmf-dist/fonts/type1/public/amsfonts/cm/cmr12.pfb></us
r/local/texlive/2016/texmf-dist/fonts/type1/public/amsfonts/cm/cmr17.pfb></usr/
local/texlive/2016/texmf-dist/fonts/type1/public/amsfonts/cm/cmr8.pfb></usr/loc
al/texlive/2016/texmf-dist/fonts/type1/public/amsfonts/cm/cmsy10.pfb></usr/loca
l/texlive/2016/texmf-dist/fonts/type1/public/amsfonts/cm/cmtt8.pfb>
Output written on 2-cells.pdf (2 pages, 1662859 bytes).
PDF statistics:
 87 PDF objects out of 1000 (max. 8388607)
 58 compressed objects within 1 object stream
 0 named destinations out of 1000 (max. 500000)
 21 words of extra memory for PDF output out of 10000 (max. 10000000)

